[36m--[0m Using CATKIN_DEVEL_PREFIX: /home/ros/project/devel/.private/demining
[36m--[0m Using CMAKE_PREFIX_PATH: /home/ros/project/devel;/opt/ros/kinetic
[36m--[0m This workspace overlays: /home/ros/project/devel;/opt/ros/kinetic
[36m--[0m Found PythonInterp: /usr/bin/python2 (found suitable version "2.7.12", minimum required is "2")
[36m--[0m Using PYTHON_EXECUTABLE: /usr/bin/python2
[36m--[0m Using Debian Python package layout
[36m--[0m Using empy: /usr/bin/empy
[36m--[0m Using CATKIN_ENABLE_TESTING: ON
[36m--[0m Call enable_testing()
[36m--[0m Using CATKIN_TEST_RESULTS_DIR: /home/ros/project/build/demining/test_results
[36m--[0m Found gtest sources under '/usr/src/gmock': gtests will be built
[36m--[0m Found gmock sources under '/usr/src/gmock': gmock will be built
[36m--[0m Found PythonInterp: /usr/bin/python2 (found version "2.7.12")
[36m--[0m Using Python nosetests: /usr/bin/nosetests-2.7
[36m--[0m catkin 0.7.20
[36m--[0m BUILD_SHARED_LIBS is on
[36m--[0m Using these message generators: gencpp;geneus;genlisp;gennodejs;genpy
[31m[1mCMake Error[0m at /home/ros/project/src/demining/CMakeLists.txt:42 (add_executable):
  add_executable cannot create target "ftest" because another target with the
  same name already exists.  The existing target is an executable created in
  source directory "/home/ros/project/src/demining".  See documentation for
  policy CMP0002 for more details.


[31m[1mCMake Error[0m at /home/ros/project/src/demining/CMakeLists.txt:53 (target_link_libraries):
  Cannot specify link libraries for target "ftestb" which is not built by
  this project.


[36m--[0m Configuring incomplete, errors occurred!
See also "/home/ros/project/build/demining/CMakeFiles/CMakeOutput.log".
See also "/home/ros/project/build/demining/CMakeFiles/CMakeError.log".
Makefile:1326: recipe for target 'cmake_check_build_system' failed
make: *** [cmake_check_build_system] Error 1
